Analysis & Synthesis report for filter_3X3
Sun Feb 19 10:56:17 2023
Quartus Prime Version 17.1.0 Build 590 10/25/2017 SJ Lite Edition


---------------------
; Table of Contents ;
---------------------
  1. Legal Notice
  2. Analysis & Synthesis Summary
  3. Analysis & Synthesis Settings
  4. Parallel Compilation
  5. Analysis & Synthesis Source Files Read
  6. Analysis & Synthesis Resource Usage Summary
  7. Analysis & Synthesis Resource Utilization by Entity
  8. Analysis & Synthesis RAM Summary
  9. Analysis & Synthesis IP Cores Summary
 10. General Register Statistics
 11. Source assignments for line_shift_ram:line_shift_ram|altshift_taps:ALTSHIFT_TAPS_component|shift_taps_lnv:auto_generated|altsyncram_q9a1:altsyncram2
 12. Parameter Settings for User Entity Instance: line_shift_ram:line_shift_ram|altshift_taps:ALTSHIFT_TAPS_component
 13. altshift_taps Parameter Settings by Entity Instance
 14. Port Connectivity Checks: "line_shift_ram:line_shift_ram"
 15. Post-Synthesis Netlist Statistics for Top Partition
 16. Elapsed Time Per Partition
 17. Analysis & Synthesis Messages



----------------
; Legal Notice ;
----------------
Copyright (C) 2017  Intel Corporation. All rights reserved.
Your use of Intel Corporation's design tools, logic functions 
and other software and tools, and its AMPP partner logic 
functions, and any output files from any of the foregoing 
(including device programming or simulation files), and any 
associated documentation or information are expressly subject 
to the terms and conditions of the Intel Program License 
Subscription Agreement, the Intel Quartus Prime License Agreement,
the Intel FPGA IP License Agreement, or other applicable license
agreement, including, without limitation, that your use is for
the sole purpose of programming logic devices manufactured by
Intel and sold by Intel or its authorized distributors.  Please
refer to the applicable agreement for further details.



+----------------------------------------------------------------------------------+
; Analysis & Synthesis Summary                                                     ;
+------------------------------------+---------------------------------------------+
; Analysis & Synthesis Status        ; Successful - Sun Feb 19 10:56:17 2023       ;
; Quartus Prime Version              ; 17.1.0 Build 590 10/25/2017 SJ Lite Edition ;
; Revision Name                      ; filter_3X3                                  ;
; Top-level Entity Name              ; filter_3X3                                  ;
; Family                             ; Cyclone 10 LP                               ;
; Total logic elements               ; 84                                          ;
;     Total combinational functions  ; 2                                           ;
;     Dedicated logic registers      ; 84                                          ;
; Total registers                    ; 84                                          ;
; Total pins                         ; 84                                          ;
; Total virtual pins                 ; 0                                           ;
; Total memory bits                  ; 64                                          ;
; Embedded Multiplier 9-bit elements ; 0                                           ;
; Total PLLs                         ; 0                                           ;
+------------------------------------+---------------------------------------------+


+----------------------------------------------------------------------------------------------------------------------+
; Analysis & Synthesis Settings                                                                                        ;
+----------------------------------------------------------------------------+--------------------+--------------------+
; Option                                                                     ; Setting            ; Default Value      ;
+----------------------------------------------------------------------------+--------------------+--------------------+
; Top-level entity name                                                      ; filter_3X3         ; filter_3X3         ;
; Family name                                                                ; Cyclone 10 LP      ; Cyclone V          ;
; Use smart compilation                                                      ; Off                ; Off                ;
; Enable parallel Assembler and TimeQuest Timing Analyzer during compilation ; On                 ; On                 ;
; Enable compact report table                                                ; Off                ; Off                ;
; Restructure Multiplexers                                                   ; Auto               ; Auto               ;
; Create Debugging Nodes for IP Cores                                        ; Off                ; Off                ;
; Preserve fewer node names                                                  ; On                 ; On                 ;
; Intel FPGA IP Evaluation Mode                                              ; Enable             ; Enable             ;
; Verilog Version                                                            ; Verilog_2001       ; Verilog_2001       ;
; VHDL Version                                                               ; VHDL_1993          ; VHDL_1993          ;
; State Machine Processing                                                   ; Auto               ; Auto               ;
; Safe State Machine                                                         ; Off                ; Off                ;
; Extract Verilog State Machines                                             ; On                 ; On                 ;
; Extract VHDL State Machines                                                ; On                 ; On                 ;
; Ignore Verilog initial constructs                                          ; Off                ; Off                ;
; Iteration limit for constant Verilog loops                                 ; 5000               ; 5000               ;
; Iteration limit for non-constant Verilog loops                             ; 250                ; 250                ;
; Add Pass-Through Logic to Inferred RAMs                                    ; On                 ; On                 ;
; Infer RAMs from Raw Logic                                                  ; On                 ; On                 ;
; Parallel Synthesis                                                         ; On                 ; On                 ;
; DSP Block Balancing                                                        ; Auto               ; Auto               ;
; NOT Gate Push-Back                                                         ; On                 ; On                 ;
; Power-Up Don't Care                                                        ; On                 ; On                 ;
; Remove Redundant Logic Cells                                               ; Off                ; Off                ;
; Remove Duplicate Registers                                                 ; On                 ; On                 ;
; Ignore CARRY Buffers                                                       ; Off                ; Off                ;
; Ignore CASCADE Buffers                                                     ; Off                ; Off                ;
; Ignore GLOBAL Buffers                                                      ; Off                ; Off                ;
; Ignore ROW GLOBAL Buffers                                                  ; Off                ; Off                ;
; Ignore LCELL Buffers                                                       ; Off                ; Off                ;
; Ignore SOFT Buffers                                                        ; On                 ; On                 ;
; Limit AHDL Integers to 32 Bits                                             ; Off                ; Off                ;
; Optimization Technique                                                     ; Balanced           ; Balanced           ;
; Carry Chain Length                                                         ; 70                 ; 70                 ;
; Auto Carry Chains                                                          ; On                 ; On                 ;
; Auto Open-Drain Pins                                                       ; On                 ; On                 ;
; Perform WYSIWYG Primitive Resynthesis                                      ; Off                ; Off                ;
; Auto ROM Replacement                                                       ; On                 ; On                 ;
; Auto RAM Replacement                                                       ; On                 ; On                 ;
; Auto DSP Block Replacement                                                 ; On                 ; On                 ;
; Auto Shift Register Replacement                                            ; Auto               ; Auto               ;
; Allow Shift Register Merging across Hierarchies                            ; Auto               ; Auto               ;
; Auto Clock Enable Replacement                                              ; On                 ; On                 ;
; Strict RAM Replacement                                                     ; Off                ; Off                ;
; Allow Synchronous Control Signals                                          ; On                 ; On                 ;
; Force Use of Synchronous Clear Signals                                     ; Off                ; Off                ;
; Auto RAM Block Balancing                                                   ; On                 ; On                 ;
; Auto RAM to Logic Cell Conversion                                          ; Off                ; Off                ;
; Auto Resource Sharing                                                      ; Off                ; Off                ;
; Allow Any RAM Size For Recognition                                         ; Off                ; Off                ;
; Allow Any ROM Size For Recognition                                         ; Off                ; Off                ;
; Allow Any Shift Register Size For Recognition                              ; Off                ; Off                ;
; Use LogicLock Constraints during Resource Balancing                        ; On                 ; On                 ;
; Ignore translate_off and synthesis_off directives                          ; Off                ; Off                ;
; Timing-Driven Synthesis                                                    ; On                 ; On                 ;
; Report Parameter Settings                                                  ; On                 ; On                 ;
; Report Source Assignments                                                  ; On                 ; On                 ;
; Report Connectivity Checks                                                 ; On                 ; On                 ;
; Ignore Maximum Fan-Out Assignments                                         ; Off                ; Off                ;
; Synchronization Register Chain Length                                      ; 2                  ; 2                  ;
; Power Optimization During Synthesis                                        ; Normal compilation ; Normal compilation ;
; HDL message level                                                          ; Level2             ; Level2             ;
; Suppress Register Optimization Related Messages                            ; Off                ; Off                ;
; Number of Removed Registers Reported in Synthesis Report                   ; 5000               ; 5000               ;
; Number of Swept Nodes Reported in Synthesis Report                         ; 5000               ; 5000               ;
; Number of Inverted Registers Reported in Synthesis Report                  ; 100                ; 100                ;
; Clock MUX Protection                                                       ; On                 ; On                 ;
; Auto Gated Clock Conversion                                                ; Off                ; Off                ;
; Block Design Naming                                                        ; Auto               ; Auto               ;
; SDC constraint protection                                                  ; Off                ; Off                ;
; Synthesis Effort                                                           ; Auto               ; Auto               ;
; Shift Register Replacement - Allow Asynchronous Clear Signal               ; On                 ; On                 ;
; Pre-Mapping Resynthesis Optimization                                       ; Off                ; Off                ;
; Analysis & Synthesis Message Level                                         ; Medium             ; Medium             ;
; Disable Register Merging Across Hierarchies                                ; Auto               ; Auto               ;
; Resource Aware Inference For Block RAM                                     ; On                 ; On                 ;
+----------------------------------------------------------------------------+--------------------+--------------------+


+------------------------------------------+
; Parallel Compilation                     ;
+----------------------------+-------------+
; Processors                 ; Number      ;
+----------------------------+-------------+
; Number detected on machine ; 12          ;
; Maximum allowed            ; 12          ;
;                            ;             ;
; Average used               ; 1.00        ;
; Maximum used               ; 12          ;
;                            ;             ;
; Usage by Processor         ; % Time Used ;
;     Processor 1            ; 100.0%      ;
;     Processors 2-12        ;   0.0%      ;
+----------------------------+-------------+


+-------------------------------------------------------------------------------------------------------------------------------------------------------------+
; Analysis & Synthesis Source Files Read                                                                                                                      ;
+----------------------------------+-----------------+------------------------------+---------------------------------------------------------------+---------+
; File Name with User-Entered Path ; Used in Netlist ; File Type                    ; File Name with Absolute Path                                  ; Library ;
+----------------------------------+-----------------+------------------------------+---------------------------------------------------------------+---------+
; filter_3X3.v                     ; yes             ; User Verilog HDL File        ; D:/Quartus2/filter_3X3/filter_3X3.v                           ;         ;
; line_shift_ram.v                 ; yes             ; User Wizard-Generated File   ; D:/Quartus2/filter_3X3/line_shift_ram.v                       ;         ;
; altshift_taps.tdf                ; yes             ; Megafunction                 ; d:/quartus2/quartus/libraries/megafunctions/altshift_taps.tdf ;         ;
; altdpram.inc                     ; yes             ; Megafunction                 ; d:/quartus2/quartus/libraries/megafunctions/altdpram.inc      ;         ;
; lpm_counter.inc                  ; yes             ; Megafunction                 ; d:/quartus2/quartus/libraries/megafunctions/lpm_counter.inc   ;         ;
; lpm_compare.inc                  ; yes             ; Megafunction                 ; d:/quartus2/quartus/libraries/megafunctions/lpm_compare.inc   ;         ;
; lpm_constant.inc                 ; yes             ; Megafunction                 ; d:/quartus2/quartus/libraries/megafunctions/lpm_constant.inc  ;         ;
; db/shift_taps_lnv.tdf            ; yes             ; Auto-Generated Megafunction  ; D:/Quartus2/filter_3X3/db/shift_taps_lnv.tdf                  ;         ;
; db/altsyncram_q9a1.tdf           ; yes             ; Auto-Generated Megafunction  ; D:/Quartus2/filter_3X3/db/altsyncram_q9a1.tdf                 ;         ;
; db/cntr_0pf.tdf                  ; yes             ; Auto-Generated Megafunction  ; D:/Quartus2/filter_3X3/db/cntr_0pf.tdf                        ;         ;
+----------------------------------+-----------------+------------------------------+---------------------------------------------------------------+---------+


+---------------------------------------------------------+
; Analysis & Synthesis Resource Usage Summary             ;
+---------------------------------------------+-----------+
; Resource                                    ; Usage     ;
+---------------------------------------------+-----------+
; Estimated Total logic elements              ; 84        ;
;                                             ;           ;
; Total combinational functions               ; 2         ;
; Logic element usage by number of LUT inputs ;           ;
;     -- 4 input functions                    ; 0         ;
;     -- 3 input functions                    ; 0         ;
;     -- <=2 input functions                  ; 2         ;
;                                             ;           ;
; Logic elements by mode                      ;           ;
;     -- normal mode                          ; 1         ;
;     -- arithmetic mode                      ; 1         ;
;                                             ;           ;
; Total registers                             ; 84        ;
;     -- Dedicated logic registers            ; 84        ;
;     -- I/O registers                        ; 0         ;
;                                             ;           ;
; I/O pins                                    ; 84        ;
; Total memory bits                           ; 64        ;
;                                             ;           ;
; Embedded Multiplier 9-bit elements          ; 0         ;
;                                             ;           ;
; Maximum fan-out node                        ; clk~input ;
; Maximum fan-out                             ; 100       ;
; Total fan-out                               ; 572       ;
; Average fan-out                             ; 2.12      ;
+---------------------------------------------+-----------+


+-------------------------------------------------------------------------------------------------------------------------------------------------------------------------------------------------------------------------------------------------------------------------------------------------------------------------------------------------------+
; Analysis & Synthesis Resource Utilization by Entity                                                                                                                                                                                                                                                                                                   ;
+-----------------------------------------------+---------------------+---------------------------+-------------+--------------+---------+-----------+------+--------------+-------------------------------------------------------------------------------------------------------------------------------------------+-----------------+--------------+
; Compilation Hierarchy Node                    ; Combinational ALUTs ; Dedicated Logic Registers ; Memory Bits ; DSP Elements ; DSP 9x9 ; DSP 18x18 ; Pins ; Virtual Pins ; Full Hierarchy Name                                                                                                                       ; Entity Name     ; Library Name ;
+-----------------------------------------------+---------------------+---------------------------+-------------+--------------+---------+-----------+------+--------------+-------------------------------------------------------------------------------------------------------------------------------------------+-----------------+--------------+
; |filter_3X3                                   ; 2 (0)               ; 84 (82)                   ; 64          ; 0            ; 0       ; 0         ; 84   ; 0            ; |filter_3X3                                                                                                                               ; filter_3X3      ; work         ;
;    |line_shift_ram:line_shift_ram|            ; 2 (0)               ; 2 (0)                     ; 64          ; 0            ; 0       ; 0         ; 0    ; 0            ; |filter_3X3|line_shift_ram:line_shift_ram                                                                                                 ; line_shift_ram  ; work         ;
;       |altshift_taps:ALTSHIFT_TAPS_component| ; 2 (0)               ; 2 (0)                     ; 64          ; 0            ; 0       ; 0         ; 0    ; 0            ; |filter_3X3|line_shift_ram:line_shift_ram|altshift_taps:ALTSHIFT_TAPS_component                                                           ; altshift_taps   ; work         ;
;          |shift_taps_lnv:auto_generated|      ; 2 (0)               ; 2 (0)                     ; 64          ; 0            ; 0       ; 0         ; 0    ; 0            ; |filter_3X3|line_shift_ram:line_shift_ram|altshift_taps:ALTSHIFT_TAPS_component|shift_taps_lnv:auto_generated                             ; shift_taps_lnv  ; work         ;
;             |altsyncram_q9a1:altsyncram2|     ; 0 (0)               ; 0 (0)                     ; 64          ; 0            ; 0       ; 0         ; 0    ; 0            ; |filter_3X3|line_shift_ram:line_shift_ram|altshift_taps:ALTSHIFT_TAPS_component|shift_taps_lnv:auto_generated|altsyncram_q9a1:altsyncram2 ; altsyncram_q9a1 ; work         ;
;             |cntr_0pf:cntr1|                  ; 2 (2)               ; 2 (2)                     ; 0           ; 0            ; 0       ; 0         ; 0    ; 0            ; |filter_3X3|line_shift_ram:line_shift_ram|altshift_taps:ALTSHIFT_TAPS_component|shift_taps_lnv:auto_generated|cntr_0pf:cntr1              ; cntr_0pf        ; work         ;
+-----------------------------------------------+---------------------+---------------------------+-------------+--------------+---------+-----------+------+--------------+-------------------------------------------------------------------------------------------------------------------------------------------+-----------------+--------------+
Note: For table entries with two numbers listed, the numbers in parentheses indicate the number of resources of the given type used by the specific entity alone. The numbers listed outside of parentheses indicate the total resources of the given type used by the specific entity and all of its sub-entities in the hierarchy.


+----------------------------------------------------------------------------------------------------------------------------------------------------------------------------------------------------------------------------------------------+
; Analysis & Synthesis RAM Summary                                                                                                                                                                                                             ;
+------------------------------------------------------------------------------------------------------------------------------------------+------+------------------+--------------+--------------+--------------+--------------+------+------+
; Name                                                                                                                                     ; Type ; Mode             ; Port A Depth ; Port A Width ; Port B Depth ; Port B Width ; Size ; MIF  ;
+------------------------------------------------------------------------------------------------------------------------------------------+------+------------------+--------------+--------------+--------------+--------------+------+------+
; line_shift_ram:line_shift_ram|altshift_taps:ALTSHIFT_TAPS_component|shift_taps_lnv:auto_generated|altsyncram_q9a1:altsyncram2|ALTSYNCRAM ; M9K  ; Simple Dual Port ; 4            ; 16           ; 4            ; 16           ; 64   ; None ;
+------------------------------------------------------------------------------------------------------------------------------------------+------+------------------+--------------+--------------+--------------+--------------+------+------+


+--------------------------------------------------------------------------------------------------------------------------------------------+
; Analysis & Synthesis IP Cores Summary                                                                                                      ;
+--------+----------------------------+---------+--------------+--------------+-------------------------------------------+------------------+
; Vendor ; IP Core Name               ; Version ; Release Date ; License Type ; Entity Instance                           ; IP Include File  ;
+--------+----------------------------+---------+--------------+--------------+-------------------------------------------+------------------+
; Altera ; Shift register (RAM-based) ; 17.1    ; N/A          ; N/A          ; |filter_3X3|line_shift_ram:line_shift_ram ; line_shift_ram.v ;
+--------+----------------------------+---------+--------------+--------------+-------------------------------------------+------------------+


+------------------------------------------------------+
; General Register Statistics                          ;
+----------------------------------------------+-------+
; Statistic                                    ; Value ;
+----------------------------------------------+-------+
; Total registers                              ; 84    ;
; Number of registers using Synchronous Clear  ; 0     ;
; Number of registers using Synchronous Load   ; 0     ;
; Number of registers using Asynchronous Clear ; 82    ;
; Number of registers using Asynchronous Load  ; 0     ;
; Number of registers using Clock Enable       ; 82    ;
; Number of registers using Preset             ; 0     ;
+----------------------------------------------+-------+


+------------------------------------------------------------------------------------------------------------------------------------------------------+
; Source assignments for line_shift_ram:line_shift_ram|altshift_taps:ALTSHIFT_TAPS_component|shift_taps_lnv:auto_generated|altsyncram_q9a1:altsyncram2 ;
+---------------------------------+--------------------+------+----------------------------------------------------------------------------------------+
; Assignment                      ; Value              ; From ; To                                                                                     ;
+---------------------------------+--------------------+------+----------------------------------------------------------------------------------------+
; OPTIMIZE_POWER_DURING_SYNTHESIS ; NORMAL_COMPILATION ; -    ; -                                                                                      ;
+---------------------------------+--------------------+------+----------------------------------------------------------------------------------------+


+------------------------------------------------------------------------------------------------------------------+
; Parameter Settings for User Entity Instance: line_shift_ram:line_shift_ram|altshift_taps:ALTSHIFT_TAPS_component ;
+----------------+----------------+--------------------------------------------------------------------------------+
; Parameter Name ; Value          ; Type                                                                           ;
+----------------+----------------+--------------------------------------------------------------------------------+
; WIDTH_BYTEENA  ; 1              ; Untyped                                                                        ;
; NUMBER_OF_TAPS ; 2              ; Signed Integer                                                                 ;
; TAP_DISTANCE   ; 6              ; Signed Integer                                                                 ;
; WIDTH          ; 8              ; Signed Integer                                                                 ;
; POWER_UP_STATE ; CLEARED        ; Untyped                                                                        ;
; CBXI_PARAMETER ; shift_taps_lnv ; Untyped                                                                        ;
+----------------+----------------+--------------------------------------------------------------------------------+
Note: In order to hide this table in the UI and the text report file, please set the "Show Parameter Settings in Synthesis Report" option in "Analysis and Synthesis Settings -> More Settings" to "Off".


+--------------------------------------------------------------------------------------------------+
; altshift_taps Parameter Settings by Entity Instance                                              ;
+----------------------------+---------------------------------------------------------------------+
; Name                       ; Value                                                               ;
+----------------------------+---------------------------------------------------------------------+
; Number of entity instances ; 1                                                                   ;
; Entity Instance            ; line_shift_ram:line_shift_ram|altshift_taps:ALTSHIFT_TAPS_component ;
;     -- NUMBER_OF_TAPS      ; 2                                                                   ;
;     -- TAP_DISTANCE        ; 6                                                                   ;
;     -- WIDTH               ; 8                                                                   ;
+----------------------------+---------------------------------------------------------------------+


+-----------------------------------------------------------+
; Port Connectivity Checks: "line_shift_ram:line_shift_ram" ;
+----------+--------+----------+----------------------------+
; Port     ; Type   ; Severity ; Details                    ;
+----------+--------+----------+----------------------------+
; shiftout ; Output ; Info     ; Explicitly unconnected     ;
+----------+--------+----------+----------------------------+


+-----------------------------------------------------+
; Post-Synthesis Netlist Statistics for Top Partition ;
+-----------------------+-----------------------------+
; Type                  ; Count                       ;
+-----------------------+-----------------------------+
; boundary_port         ; 84                          ;
; cycloneiii_ff         ; 84                          ;
;     CLR               ; 2                           ;
;     ENA               ; 2                           ;
;     ENA CLR           ; 80                          ;
; cycloneiii_lcell_comb ; 2                           ;
;     arith             ; 1                           ;
;         2 data inputs ; 1                           ;
;     normal            ; 1                           ;
;         1 data inputs ; 1                           ;
; cycloneiii_ram_block  ; 16                          ;
;                       ;                             ;
; Max LUT depth         ; 1.10                        ;
; Average LUT depth     ; 0.05                        ;
+-----------------------+-----------------------------+


+-------------------------------+
; Elapsed Time Per Partition    ;
+----------------+--------------+
; Partition Name ; Elapsed Time ;
+----------------+--------------+
; Top            ; 00:00:00     ;
+----------------+--------------+


+-------------------------------+
; Analysis & Synthesis Messages ;
+-------------------------------+
Info: *******************************************************************
Info: Running Quartus Prime Analysis & Synthesis
    Info: Version 17.1.0 Build 590 10/25/2017 SJ Lite Edition
    Info: Processing started: Sun Feb 19 10:56:08 2023
Info: Command: quartus_map --read_settings_files=on --write_settings_files=off filter_3X3 -c filter_3X3
Warning (18236): Number of processors has not been specified which may cause overloading on shared machines.  Set the global assignment NUM_PARALLEL_PROCESSORS in your QSF to an appropriate value for best performance.
Info (20030): Parallel compilation is enabled and will use 12 of the 12 processors detected
Info (12021): Found 1 design units, including 1 entities, in source file filter_3x3.v
    Info (12023): Found entity 1: filter_3X3 File: D:/Quartus2/filter_3X3/filter_3X3.v Line: 1
Info (12021): Found 1 design units, including 1 entities, in source file line_shift_ram.v
    Info (12023): Found entity 1: line_shift_ram File: D:/Quartus2/filter_3X3/line_shift_ram.v Line: 39
Info (12127): Elaborating entity "filter_3X3" for the top level hierarchy
Info (12128): Elaborating entity "line_shift_ram" for hierarchy "line_shift_ram:line_shift_ram" File: D:/Quartus2/filter_3X3/filter_3X3.v Line: 26
Info (12128): Elaborating entity "altshift_taps" for hierarchy "line_shift_ram:line_shift_ram|altshift_taps:ALTSHIFT_TAPS_component" File: D:/Quartus2/filter_3X3/line_shift_ram.v Line: 80
Info (12130): Elaborated megafunction instantiation "line_shift_ram:line_shift_ram|altshift_taps:ALTSHIFT_TAPS_component" File: D:/Quartus2/filter_3X3/line_shift_ram.v Line: 80
Info (12133): Instantiated megafunction "line_shift_ram:line_shift_ram|altshift_taps:ALTSHIFT_TAPS_component" with the following parameter: File: D:/Quartus2/filter_3X3/line_shift_ram.v Line: 80
    Info (12134): Parameter "intended_device_family" = "Cyclone 10 LP"
    Info (12134): Parameter "lpm_hint" = "RAM_BLOCK_TYPE=M9K"
    Info (12134): Parameter "lpm_type" = "altshift_taps"
    Info (12134): Parameter "number_of_taps" = "2"
    Info (12134): Parameter "tap_distance" = "6"
    Info (12134): Parameter "width" = "8"
Info (12021): Found 1 design units, including 1 entities, in source file db/shift_taps_lnv.tdf
    Info (12023): Found entity 1: shift_taps_lnv File: D:/Quartus2/filter_3X3/db/shift_taps_lnv.tdf Line: 26
Info (12128): Elaborating entity "shift_taps_lnv" for hierarchy "line_shift_ram:line_shift_ram|altshift_taps:ALTSHIFT_TAPS_component|shift_taps_lnv:auto_generated" File: d:/quartus2/quartus/libraries/megafunctions/altshift_taps.tdf Line: 103
Info (12021): Found 1 design units, including 1 entities, in source file db/altsyncram_q9a1.tdf
    Info (12023): Found entity 1: altsyncram_q9a1 File: D:/Quartus2/filter_3X3/db/altsyncram_q9a1.tdf Line: 27
Info (12128): Elaborating entity "altsyncram_q9a1" for hierarchy "line_shift_ram:line_shift_ram|altshift_taps:ALTSHIFT_TAPS_component|shift_taps_lnv:auto_generated|altsyncram_q9a1:altsyncram2" File: D:/Quartus2/filter_3X3/db/shift_taps_lnv.tdf Line: 35
Info (12021): Found 1 design units, including 1 entities, in source file db/cntr_0pf.tdf
    Info (12023): Found entity 1: cntr_0pf File: D:/Quartus2/filter_3X3/db/cntr_0pf.tdf Line: 25
Info (12128): Elaborating entity "cntr_0pf" for hierarchy "line_shift_ram:line_shift_ram|altshift_taps:ALTSHIFT_TAPS_component|shift_taps_lnv:auto_generated|cntr_0pf:cntr1" File: D:/Quartus2/filter_3X3/db/shift_taps_lnv.tdf Line: 36
Info (286030): Timing-Driven Synthesis is running
Info (16010): Generating hard_block partition "hard_block:auto_generated_inst"
    Info (16011): Adding 0 node(s), including 0 DDIO, 0 PLL, 0 transceiver and 0 LCELL
Info (21057): Implemented 184 device resources after synthesis - the final resource count might be different
    Info (21058): Implemented 11 input pins
    Info (21059): Implemented 73 output pins
    Info (21061): Implemented 84 logic cells
    Info (21064): Implemented 16 RAM segments
Info: Quartus Prime Analysis & Synthesis was successful. 0 errors, 1 warning
    Info: Peak virtual memory: 4825 megabytes
    Info: Processing ended: Sun Feb 19 10:56:17 2023
    Info: Elapsed time: 00:00:09
    Info: Total CPU time (on all processors): 00:00:19


